<?xml version="1.0" encoding="UTF-8"?>
<!-- Generated by org.testng.reporters.JUnitReportReporter -->
<testsuite hostname="DESKTOP-V6M2FT0" failures="0" tests="5" name="org.test.healthcare.cura.HomePageTest" time="2.481" errors="0" timestamp="2025-01-13T23:08:56 PST" skipped="0">
  <testcase classname="org.test.healthcare.cura.HomePageTest" name="testHeaderMsg" time="0.079">
    <system-out>
      <![CDATA[Header retrieved from Page was: CURA Healthcare Service]]>
    </system-out>
  </testcase> <!-- testHeaderMsg -->
  <testcase classname="org.test.healthcare.cura.HomePageTest" name="testApptButton" time="0.028">
    <system-out>
      <![CDATA[Found Make Appointment!]]>
    </system-out>
  </testcase> <!-- testApptButton -->
  <testcase classname="org.test.healthcare.cura.HomePageTest" name="testMenu" time="0.470"/>
  <testcase classname="org.test.healthcare.cura.HomePageTest" name="testLogin" time="0.670"/>
  <testcase classname="org.test.healthcare.cura.HomePageTest" name="testMakeAppt" time="1.234"/>
  <system-out>
    <![CDATA[Header retrieved from Page was: CURA Healthcare Service
Found Make Appointment!]]>
  </system-out>
</testsuite> <!-- org.test.healthcare.cura.HomePageTest -->
